<?xml version="1.0" encoding="UTF-8"?><testsuite errors="1" failures="0" name="Validacion formulario ColotLib" skipped="0" tests="1" time="42.58" timestamp="2019-11-17T23:58:27.454-05:00[America/Bogota]"><testcase name="Caso100_Validacion de formulario"><error message="\tcs.pom.wilmar\src\test\resources\ecxelFiles\dataEcxel.xlsx (El sistema no puede encontrar la ruta especificada)" type="java.io.FileNotFoundException">\tcs.pom.wilmar\src\test\resources\ecxelFiles\dataEcxel.xlsx (El sistema no puede encontrar la ruta especificada)</error><system-err>\tcs.pom.wilmar\src\test\resources\ecxelFiles\dataEcxel.xlsx (El sistema no puede encontrar la ruta especificada)&#13;
tcs.wilmar.tcs.pom.wilmar.steps.validacionDeFormulario_steps.readEcxel_and_fill_one_form(validacionDeFormulario_steps.java:39)&#13;
tcs.wilmar.tcs.pom.wilmar.definitions.ValidacionFormulario_definition.diligenciar_Formulario_uno_con_los_siguiente_datos(ValidacionFormulario_definition.java:28)&#13;
cucumber.runner.Runner.runPickle(Runner.java:80)&#13;
org.eclipse.jdt.internal.junit4.runner.JUnit4TestReference.run(JUnit4TestReference.java:89)&#13;
org.eclipse.jdt.internal.junit.runner.TestExecution.run(TestExecution.java:41)&#13;
org.eclipse.jdt.internal.junit.runner.RemoteTestRunner.runTests(RemoteTestRunner.java:541)&#13;
org.eclipse.jdt.internal.junit.runner.RemoteTestRunner.runTests(RemoteTestRunner.java:763)&#13;
org.eclipse.jdt.internal.junit.runner.RemoteTestRunner.run(RemoteTestRunner.java:463)&#13;
org.eclipse.jdt.internal.junit.runner.RemoteTestRunner.main(RemoteTestRunner.java:209)&#13;
</system-err></testcase></testsuite>